[08-Aug-2016 19:26:23 UTC] PHP Parse error:  syntax error, unexpected '}', expecting ',' or ';' in /home/ubuntu/workspace/08-08-16Construtores/ExCalculadora.php on line 50
[08-Aug-2016 19:26:47 UTC] PHP Parse error:  syntax error, unexpected '}', expecting ',' or ';' in /home/ubuntu/workspace/08-08-16Construtores/ExCalculadora.php on line 50
[08-Aug-2016 19:27:01 UTC] PHP Fatal error:  Call to undefined function exibir() in /home/ubuntu/workspace/08-08-16Construtores/ExCalculadora.php on line 28
[08-Aug-2016 19:27:01 UTC] PHP Stack trace:
[08-Aug-2016 19:27:01 UTC] PHP   1. {main}() /home/ubuntu/workspace/08-08-16Construtores/ExCalculadora.php:0
[08-Aug-2016 19:27:01 UTC] PHP   2. Calculadora->__construct() /home/ubuntu/workspace/08-08-16Construtores/ExCalculadora.php:53
[08-Aug-2016 19:27:21 UTC] PHP Fatal error:  Call to undefined function exibir() in /home/ubuntu/workspace/08-08-16Construtores/ExCalculadora.php on line 16
[08-Aug-2016 19:27:21 UTC] PHP Stack trace:
[08-Aug-2016 19:27:21 UTC] PHP   1. {main}() /home/ubuntu/workspace/08-08-16Construtores/ExCalculadora.php:0
[08-Aug-2016 19:27:21 UTC] PHP   2. Calculadora->__construct() /home/ubuntu/workspace/08-08-16Construtores/ExCalculadora.php:53
[08-Aug-2016 19:27:37 UTC] PHP Fatal error:  Call to undefined function exibir() in /home/ubuntu/workspace/08-08-16Construtores/ExCalculadora.php on line 16
[08-Aug-2016 19:27:37 UTC] PHP Stack trace:
[08-Aug-2016 19:27:37 UTC] PHP   1. {main}() /home/ubuntu/workspace/08-08-16Construtores/ExCalculadora.php:0
[08-Aug-2016 19:27:37 UTC] PHP   2. Calculadora->__construct() /home/ubuntu/workspace/08-08-16Construtores/ExCalculadora.php:53
[08-Aug-2016 19:28:50 UTC] PHP Fatal error:  Call to undefined function exibir() in /home/ubuntu/workspace/08-08-16Construtores/ExCalculadora.php on line 28
[08-Aug-2016 19:28:50 UTC] PHP Stack trace:
[08-Aug-2016 19:28:50 UTC] PHP   1. {main}() /home/ubuntu/workspace/08-08-16Construtores/ExCalculadora.php:0
[08-Aug-2016 19:28:50 UTC] PHP   2. Calculadora->__construct() /home/ubuntu/workspace/08-08-16Construtores/ExCalculadora.php:53
[15-Aug-2016 19:02:03 UTC] PHP Fatal error:  Method name must be a string in /home/ubuntu/workspace/08-08-16Construtores/ExCalculadora.php on line 41
[15-Aug-2016 19:02:03 UTC] PHP Stack trace:
[15-Aug-2016 19:02:03 UTC] PHP   1. {main}() /home/ubuntu/workspace/08-08-16Construtores/ExCalculadora.php:0
[15-Aug-2016 19:03:46 UTC] PHP Fatal error:  Call to undefined function exibir() in /home/ubuntu/workspace/08-08-16Construtores/ExCalculadora.php on line 16
[15-Aug-2016 19:03:46 UTC] PHP Stack trace:
[15-Aug-2016 19:03:46 UTC] PHP   1. {main}() /home/ubuntu/workspace/08-08-16Construtores/ExCalculadora.php:0
[15-Aug-2016 19:03:46 UTC] PHP   2. Calculadora->"somar"() /home/ubuntu/workspace/08-08-16Construtores/ExCalculadora.php:41
[15-Aug-2016 19:03:46 UTC] PHP   3. Calculadora->__call() /home/ubuntu/workspace/08-08-16Construtores/ExCalculadora.php:41
[15-Aug-2016 19:13:59 UTC] PHP Parse error:  syntax error, unexpected '}' in /home/ubuntu/workspace/08-15-16RelacionamentoEntreClasses/Aula.php on line 35
[15-Aug-2016 19:14:29 UTC] PHP Parse error:  syntax error, unexpected '}' in /home/ubuntu/workspace/08-15-16RelacionamentoEntreClasses/Aula.php on line 35
[15-Aug-2016 19:14:32 UTC] PHP Parse error:  syntax error, unexpected '}' in /home/ubuntu/workspace/08-15-16RelacionamentoEntreClasses/Aula.php on line 35
[15-Aug-2016 19:15:04 UTC] PHP Parse error:  syntax error, unexpected ')' in /home/ubuntu/workspace/08-15-16RelacionamentoEntreClasses/Aula.php on line 42
[15-Aug-2016 19:32:21 UTC] PHP Fatal error:  Method name must be a string in /home/ubuntu/workspace/08-08-16Construtores/ExCalculadora.php on line 41
[15-Aug-2016 19:32:21 UTC] PHP Stack trace:
[15-Aug-2016 19:32:21 UTC] PHP   1. {main}() /home/ubuntu/workspace/08-08-16Construtores/ExCalculadora.php:0
[15-Aug-2016 19:35:40 UTC] PHP Fatal error:  Call to undefined function exibir() in /home/ubuntu/workspace/08-08-16Construtores/ExCalculadora.php on line 16
[15-Aug-2016 19:35:40 UTC] PHP Stack trace:
[15-Aug-2016 19:35:40 UTC] PHP   1. {main}() /home/ubuntu/workspace/08-08-16Construtores/ExCalculadora.php:0
[15-Aug-2016 19:35:40 UTC] PHP   2. Calculadora->"somar"() /home/ubuntu/workspace/08-08-16Construtores/ExCalculadora.php:41
[15-Aug-2016 19:35:40 UTC] PHP   3. Calculadora->__call() /home/ubuntu/workspace/08-08-16Construtores/ExCalculadora.php:41
[15-Aug-2016 19:37:26 UTC] PHP Fatal error:  Call to undefined function exibir() in /home/ubuntu/workspace/08-08-16Construtores/ExCalculadora.php on line 16
[15-Aug-2016 19:37:26 UTC] PHP Stack trace:
[15-Aug-2016 19:37:26 UTC] PHP   1. {main}() /home/ubuntu/workspace/08-08-16Construtores/ExCalculadora.php:0
[15-Aug-2016 19:37:26 UTC] PHP   2. Calculadora->"somar"() /home/ubuntu/workspace/08-08-16Construtores/ExCalculadora.php:41
[15-Aug-2016 19:37:26 UTC] PHP   3. Calculadora->__call() /home/ubuntu/workspace/08-08-16Construtores/ExCalculadora.php:41
[15-Aug-2016 19:37:31 UTC] PHP Fatal error:  Call to undefined function exibir() in /home/ubuntu/workspace/08-08-16Construtores/ExCalculadora.php on line 16
[15-Aug-2016 19:37:31 UTC] PHP Stack trace:
[15-Aug-2016 19:37:31 UTC] PHP   1. {main}() /home/ubuntu/workspace/08-08-16Construtores/ExCalculadora.php:0
[15-Aug-2016 19:37:31 UTC] PHP   2. Calculadora->"somar"() /home/ubuntu/workspace/08-08-16Construtores/ExCalculadora.php:41
[15-Aug-2016 19:37:31 UTC] PHP   3. Calculadora->__call() /home/ubuntu/workspace/08-08-16Construtores/ExCalculadora.php:41
[15-Aug-2016 19:40:05 UTC] PHP Fatal error:  Method name must be a string in /home/ubuntu/workspace/08-08-16Construtores/ExCalculadora.php on line 41
[15-Aug-2016 19:40:05 UTC] PHP Stack trace:
[15-Aug-2016 19:40:05 UTC] PHP   1. {main}() /home/ubuntu/workspace/08-08-16Construtores/ExCalculadora.php:0
[15-Aug-2016 20:04:46 UTC] PHP Parse error:  syntax error, unexpected ')', expecting ',' or ';' in /home/ubuntu/workspace/08-08-16Construtores/ExCalculadora.php on line 16
[15-Aug-2016 20:07:06 UTC] PHP Fatal error:  Method name must be a string in /home/ubuntu/workspace/08-08-16Construtores/ExCalculadora.php on line 38
[15-Aug-2016 20:07:06 UTC] PHP Stack trace:
[15-Aug-2016 20:07:06 UTC] PHP   1. {main}() /home/ubuntu/workspace/08-08-16Construtores/ExCalculadora.php:0
[15-Aug-2016 20:57:24 UTC] PHP Parse error:  syntax error, unexpected '->' (T_OBJECT_OPERATOR), expecting ',' or ';' in /home/ubuntu/workspace/08-15-16RelacionamentoEntreClasses/Ex.php on line 51
[22-Aug-2016 15:23:22 UTC] PHP Fatal error:  Method name must be a string in /home/ubuntu/workspace/08-08-16Construtores/ExCalculadora.php on line 39
[22-Aug-2016 15:23:22 UTC] PHP Stack trace:
[22-Aug-2016 15:23:22 UTC] PHP   1. {main}() /home/ubuntu/workspace/08-08-16Construtores/ExCalculadora.php:0
[22-Aug-2016 15:27:16 UTC] PHP Parse error:  syntax error, unexpected '' (T_ENCAPSED_AND_WHITESPACE), expecting identifier (T_STRING) or variable (T_VARIABLE) or number (T_NUM_STRING) in /home/ubuntu/workspace/08-08-16Construtores/ExCalculadora.php on line 37
[22-Aug-2016 15:40:31 UTC] PHP Fatal error:  Method name must be a string in /home/ubuntu/workspace/08-08-16Construtores/ExCalculadora.php on line 37
[22-Aug-2016 15:40:31 UTC] PHP Stack trace:
[22-Aug-2016 15:40:31 UTC] PHP   1. {main}() /home/ubuntu/workspace/08-08-16Construtores/ExCalculadora.php:0
[22-Aug-2016 15:40:33 UTC] PHP Fatal error:  Method name must be a string in /home/ubuntu/workspace/08-08-16Construtores/ExCalculadora.php on line 37
[22-Aug-2016 15:40:33 UTC] PHP Stack trace:
[22-Aug-2016 15:40:33 UTC] PHP   1. {main}() /home/ubuntu/workspace/08-08-16Construtores/ExCalculadora.php:0
[22-Aug-2016 20:23:59 UTC] PHP Fatal error:  Call to undefined function listarPokemons() in /home/ubuntu/workspace/08-22-16-/Aula.php on line 69
[22-Aug-2016 20:23:59 UTC] PHP Stack trace:
[22-Aug-2016 20:23:59 UTC] PHP   1. {main}() /home/ubuntu/workspace/08-22-16-/Aula.php:0
[22-Aug-2016 20:24:27 UTC] PHP Fatal error:  Call to a member function status() on a non-object in /home/ubuntu/workspace/08-22-16-/Aula.php on line 45
[22-Aug-2016 20:24:27 UTC] PHP Stack trace:
[22-Aug-2016 20:24:27 UTC] PHP   1. {main}() /home/ubuntu/workspace/08-22-16-/Aula.php:0
[22-Aug-2016 20:24:27 UTC] PHP   2. Trainer->listarPokemons() /home/ubuntu/workspace/08-22-16-/Aula.php:69
[22-Aug-2016 20:25:28 UTC] PHP Fatal error:  Call to a member function status() on a non-object in /home/ubuntu/workspace/08-22-16-/Aula.php on line 45
[22-Aug-2016 20:25:28 UTC] PHP Stack trace:
[22-Aug-2016 20:25:28 UTC] PHP   1. {main}() /home/ubuntu/workspace/08-22-16-/Aula.php:0
[22-Aug-2016 20:25:28 UTC] PHP   2. Trainer->listarPokemons() /home/ubuntu/workspace/08-22-16-/Aula.php:69
[22-Aug-2016 20:27:38 UTC] PHP Fatal error:  Call to a member function status() on a non-object in /home/ubuntu/workspace/08-22-16-/Aula.php on line 45
[22-Aug-2016 20:27:38 UTC] PHP Stack trace:
[22-Aug-2016 20:27:38 UTC] PHP   1. {main}() /home/ubuntu/workspace/08-22-16-/Aula.php:0
[22-Aug-2016 20:27:38 UTC] PHP   2. Trainer->listarPokemons() /home/ubuntu/workspace/08-22-16-/Aula.php:69
[22-Aug-2016 20:48:51 UTC] PHP Parse error:  syntax error, unexpected 'public' (T_PUBLIC) in /home/ubuntu/workspace/08-22-16-/Aula.php on line 56
[22-Aug-2016 20:52:14 UTC] PHP Fatal error:  Call to a member function status() on a non-object in /home/ubuntu/workspace/08-22-16-/Aula.php on line 57
[22-Aug-2016 20:52:14 UTC] PHP Stack trace:
[22-Aug-2016 20:52:14 UTC] PHP   1. {main}() /home/ubuntu/workspace/08-22-16-/Aula.php:0
[22-Aug-2016 20:52:14 UTC] PHP   2. Trainer->listarPokemons() /home/ubuntu/workspace/08-22-16-/Aula.php:81
[22-Aug-2016 20:53:42 UTC] PHP Fatal error:  Call to a member function status() on a non-object in /home/ubuntu/workspace/08-22-16-/Aula.php on line 58
[22-Aug-2016 20:53:42 UTC] PHP Stack trace:
[22-Aug-2016 20:53:42 UTC] PHP   1. {main}() /home/ubuntu/workspace/08-22-16-/Aula.php:0
[22-Aug-2016 20:53:42 UTC] PHP   2. Trainer->listarPokemons() /home/ubuntu/workspace/08-22-16-/Aula.php:82
[22-Aug-2016 20:55:56 UTC] PHP Parse error:  syntax error, unexpected '$t' (T_VARIABLE), expecting function (T_FUNCTION) in /home/ubuntu/workspace/08-22-16-/Aula.php on line 79
[22-Aug-2016 20:56:09 UTC] PHP Parse error:  syntax error, unexpected '$t' (T_VARIABLE), expecting function (T_FUNCTION) in /home/ubuntu/workspace/08-22-16-/Aula.php on line 79
[22-Aug-2016 20:56:10 UTC] PHP Parse error:  syntax error, unexpected '$t' (T_VARIABLE), expecting function (T_FUNCTION) in /home/ubuntu/workspace/08-22-16-/Aula.php on line 79
[22-Aug-2016 21:05:02 UTC] PHP Parse error:  syntax error, unexpected 'echo' (T_ECHO) in /home/ubuntu/workspace/08-22-16-/Aula.php on line 82
[22-Aug-2016 21:10:20 UTC] PHP Parse error:  syntax error, unexpected '}', expecting ',' or ';' in /home/ubuntu/workspace/08-22-16-/Aula.php on line 58
[29-Aug-2016 20:47:05 UTC] PHP Fatal error:  Cannot break/continue 1 level in /home/ubuntu/workspace/08-29-16-Heranca/Aula.php on line 71
[29-Aug-2016 20:47:05 UTC] PHP Stack trace:
[29-Aug-2016 20:47:05 UTC] PHP   1. {main}() /home/ubuntu/workspace/08-29-16-Heranca/Aula.php:0
[29-Aug-2016 20:47:05 UTC] PHP   2. Pikachu->choqueDoTrovao() /home/ubuntu/workspace/08-29-16-Heranca/Aula.php:95
[05-Sep-2016 19:04:30 UTC] PHP Fatal error:  Cannot redeclare Pokemon::getAtaque() in /home/ubuntu/workspace/09-0516-ModificadoresDeAcesso/Aula.php on line 59
[05-Sep-2016 19:10:43 UTC] PHP Fatal error:  Call to a member function algumaCoisa() on a non-object in /home/ubuntu/workspace/09-0516-ModificadoresDeAcesso/Aula.php on line 80
[05-Sep-2016 19:10:43 UTC] PHP Stack trace:
[05-Sep-2016 19:10:43 UTC] PHP   1. {main}() /home/ubuntu/workspace/09-0516-ModificadoresDeAcesso/Aula.php:0
[05-Sep-2016 19:11:06 UTC] PHP Parse error:  syntax error, unexpected 'Trainer' (T_STRING) in /home/ubuntu/workspace/09-0516-ModificadoresDeAcesso/Aula.php on line 80
[05-Sep-2016 19:11:28 UTC] PHP Parse error:  syntax error, unexpected 'Trainer' (T_STRING) in /home/ubuntu/workspace/09-0516-ModificadoresDeAcesso/Aula.php on line 80
[05-Sep-2016 19:11:31 UTC] PHP Parse error:  syntax error, unexpected 'Trainer' (T_STRING) in /home/ubuntu/workspace/09-0516-ModificadoresDeAcesso/Aula.php on line 80
[05-Sep-2016 19:11:32 UTC] PHP Parse error:  syntax error, unexpected 'Trainer' (T_STRING) in /home/ubuntu/workspace/09-0516-ModificadoresDeAcesso/Aula.php on line 80
[05-Sep-2016 19:12:39 UTC] PHP Fatal error:  Call to a member function algumaCoisa() on a non-object in /home/ubuntu/workspace/09-0516-ModificadoresDeAcesso/Aula.php on line 81
[05-Sep-2016 19:12:39 UTC] PHP Stack trace:
[05-Sep-2016 19:12:39 UTC] PHP   1. {main}() /home/ubuntu/workspace/09-0516-ModificadoresDeAcesso/Aula.php:0
[05-Sep-2016 19:12:57 UTC] PHP Fatal error:  Call to undefined method Pokemon::setAtk() in /home/ubuntu/workspace/09-0516-ModificadoresDeAcesso/Aula.php on line 66
[05-Sep-2016 19:12:57 UTC] PHP Stack trace:
[05-Sep-2016 19:12:57 UTC] PHP   1. {main}() /home/ubuntu/workspace/09-0516-ModificadoresDeAcesso/Aula.php:0
[05-Sep-2016 19:12:57 UTC] PHP   2. Trainer->algumaCoisa() /home/ubuntu/workspace/09-0516-ModificadoresDeAcesso/Aula.php:81
[05-Sep-2016 19:21:55 UTC] PHP Fatal error:  Call to undefined method Pokemon::setAtk() in /home/ubuntu/workspace/09-0516-ModificadoresDeAcesso/Aula.php on line 66
[05-Sep-2016 19:21:55 UTC] PHP Stack trace:
[05-Sep-2016 19:21:55 UTC] PHP   1. {main}() /home/ubuntu/workspace/09-0516-ModificadoresDeAcesso/Aula.php:0
[05-Sep-2016 19:21:55 UTC] PHP   2. Trainer->algumaCoisa() /home/ubuntu/workspace/09-0516-ModificadoresDeAcesso/Aula.php:81
[12-Sep-2016 19:30:25 UTC] PHP Parse error:  syntax error, unexpected 'class' (T_CLASS), expecting variable (T_VARIABLE) in /home/ubuntu/workspace/09-12-16-Abstracao/Aula.php on line 9
[12-Sep-2016 19:31:33 UTC] PHP Parse error:  syntax error, unexpected '$inimigo' (T_VARIABLE) in /home/ubuntu/workspace/09-12-16-Abstracao/Aula.php on line 90
[12-Sep-2016 19:32:06 UTC] PHP Parse error:  syntax error, unexpected '$inimigo' (T_VARIABLE) in /home/ubuntu/workspace/09-12-16-Abstracao/Aula.php on line 90
[12-Sep-2016 19:32:42 UTC] PHP Parse error:  syntax error, unexpected '$inimigo' (T_VARIABLE) in /home/ubuntu/workspace/09-12-16-Abstracao/Aula.php on line 90
[20-Sep-2016 00:52:02 UTC] PHP Catchable fatal error:  Argument 1 passed to Movimento::andarNaAgua() must implement interface Surfavel, instance of Pokemon2 given, called in /home/ubuntu/workspace/09-12-16-Abstracao/Aula.php on line 117 and defined in /home/ubuntu/workspace/09-12-16-Abstracao/Aula.php on line 108
[20-Sep-2016 00:52:02 UTC] PHP Stack trace:
[20-Sep-2016 00:52:02 UTC] PHP   1. {main}() /home/ubuntu/workspace/09-12-16-Abstracao/Aula.php:0
[20-Sep-2016 00:52:02 UTC] PHP   2. Movimento->andarNaAgua() /home/ubuntu/workspace/09-12-16-Abstracao/Aula.php:117
[20-Sep-2016 00:53:57 UTC] PHP Fatal error:  Class Planta contains 1 abstract method and must therefore be declared abstract or implement the remaining methods (Surfavel::surfar) in /home/ubuntu/workspace/09-12-16-Abstracao/Aula.php on line 79
[20-Sep-2016 00:53:57 UTC] PHP Stack trace:
[20-Sep-2016 00:53:57 UTC] PHP   1. {main}() /home/ubuntu/workspace/09-12-16-Abstracao/Aula.php:0
[20-Sep-2016 00:54:41 UTC] PHP Catchable fatal error:  Argument 1 passed to Movimento::andarNaAgua() must implement interface Surfavel, instance of Pokemon2 given, called in /home/ubuntu/workspace/09-12-16-Abstracao/Aula.php on line 116 and defined in /home/ubuntu/workspace/09-12-16-Abstracao/Aula.php on line 107
[20-Sep-2016 00:54:41 UTC] PHP Stack trace:
[20-Sep-2016 00:54:41 UTC] PHP   1. {main}() /home/ubuntu/workspace/09-12-16-Abstracao/Aula.php:0
[20-Sep-2016 00:54:41 UTC] PHP   2. Movimento->andarNaAgua() /home/ubuntu/workspace/09-12-16-Abstracao/Aula.php:116
[20-Sep-2016 00:56:56 UTC] PHP Catchable fatal error:  Argument 1 passed to Movimento::andarNaAgua() must implement interface Surfavel, instance of Pokemon2 given, called in /home/ubuntu/workspace/09-12-16-Abstracao/Aula.php on line 116 and defined in /home/ubuntu/workspace/09-12-16-Abstracao/Aula.php on line 107
[20-Sep-2016 00:56:56 UTC] PHP Stack trace:
[20-Sep-2016 00:56:56 UTC] PHP   1. {main}() /home/ubuntu/workspace/09-12-16-Abstracao/Aula.php:0
[20-Sep-2016 00:56:56 UTC] PHP   2. Movimento->andarNaAgua() /home/ubuntu/workspace/09-12-16-Abstracao/Aula.php:116
[20-Sep-2016 00:56:58 UTC] PHP Catchable fatal error:  Argument 1 passed to Movimento::andarNaAgua() must implement interface Surfavel, instance of Pokemon2 given, called in /home/ubuntu/workspace/09-12-16-Abstracao/Aula.php on line 116 and defined in /home/ubuntu/workspace/09-12-16-Abstracao/Aula.php on line 107
[20-Sep-2016 00:56:58 UTC] PHP Stack trace:
[20-Sep-2016 00:56:58 UTC] PHP   1. {main}() /home/ubuntu/workspace/09-12-16-Abstracao/Aula.php:0
[20-Sep-2016 00:56:58 UTC] PHP   2. Movimento->andarNaAgua() /home/ubuntu/workspace/09-12-16-Abstracao/Aula.php:116
[20-Sep-2016 00:57:13 UTC] PHP Catchable fatal error:  Argument 1 passed to Movimento::andarNaAgua() must implement interface Surfavel, instance of Pokemon2 given, called in /home/ubuntu/workspace/09-12-16-Abstracao/Aula.php on line 116 and defined in /home/ubuntu/workspace/09-12-16-Abstracao/Aula.php on line 107
[20-Sep-2016 00:57:13 UTC] PHP Stack trace:
[20-Sep-2016 00:57:13 UTC] PHP   1. {main}() /home/ubuntu/workspace/09-12-16-Abstracao/Aula.php:0
[20-Sep-2016 00:57:13 UTC] PHP   2. Movimento->andarNaAgua() /home/ubuntu/workspace/09-12-16-Abstracao/Aula.php:116
[20-Sep-2016 00:57:28 UTC] PHP Fatal error:  Class Planta contains 1 abstract method and must therefore be declared abstract or implement the remaining methods (Surfavel::surfar) in /home/ubuntu/workspace/09-12-16-Abstracao/Aula.php on line 79
[20-Sep-2016 00:57:28 UTC] PHP Stack trace:
[20-Sep-2016 00:57:28 UTC] PHP   1. {main}() /home/ubuntu/workspace/09-12-16-Abstracao/Aula.php:0
[20-Sep-2016 00:58:01 UTC] PHP Catchable fatal error:  Argument 1 passed to Movimento::andarNaAgua() must implement interface Surfavel, instance of Pokemon2 given, called in /home/ubuntu/workspace/09-12-16-Abstracao/Aula.php on line 119 and defined in /home/ubuntu/workspace/09-12-16-Abstracao/Aula.php on line 110
[20-Sep-2016 00:58:01 UTC] PHP Stack trace:
[20-Sep-2016 00:58:01 UTC] PHP   1. {main}() /home/ubuntu/workspace/09-12-16-Abstracao/Aula.php:0
[20-Sep-2016 00:58:01 UTC] PHP   2. Movimento->andarNaAgua() /home/ubuntu/workspace/09-12-16-Abstracao/Aula.php:119
[20-Sep-2016 00:58:18 UTC] PHP Fatal error:  Class Planta contains 1 abstract method and must therefore be declared abstract or implement the remaining methods (Surfavel::surfar) in /home/ubuntu/workspace/09-12-16-Abstracao/Aula.php on line 79
[20-Sep-2016 00:58:18 UTC] PHP Stack trace:
[20-Sep-2016 00:58:18 UTC] PHP   1. {main}() /home/ubuntu/workspace/09-12-16-Abstracao/Aula.php:0
[20-Sep-2016 01:00:52 UTC] PHP Catchable fatal error:  Argument 1 passed to Movimento::andarNaAgua() must implement interface Surfavel, instance of Pokemon2 given, called in /home/ubuntu/workspace/09-12-16-Abstracao/Aula.php on line 116 and defined in /home/ubuntu/workspace/09-12-16-Abstracao/Aula.php on line 107
[20-Sep-2016 01:00:52 UTC] PHP Stack trace:
[20-Sep-2016 01:00:52 UTC] PHP   1. {main}() /home/ubuntu/workspace/09-12-16-Abstracao/Aula.php:0
[20-Sep-2016 01:00:52 UTC] PHP   2. Movimento->andarNaAgua() /home/ubuntu/workspace/09-12-16-Abstracao/Aula.php:116
[20-Sep-2016 01:01:34 UTC] PHP Catchable fatal error:  Argument 1 passed to Movimento::andarNaAgua() must implement interface Surfavel, instance of Pokemon2 given, called in /home/ubuntu/workspace/09-12-16-Abstracao/Aula.php on line 116 and defined in /home/ubuntu/workspace/09-12-16-Abstracao/Aula.php on line 107
[20-Sep-2016 01:01:34 UTC] PHP Stack trace:
[20-Sep-2016 01:01:34 UTC] PHP   1. {main}() /home/ubuntu/workspace/09-12-16-Abstracao/Aula.php:0
[20-Sep-2016 01:01:34 UTC] PHP   2. Movimento->andarNaAgua() /home/ubuntu/workspace/09-12-16-Abstracao/Aula.php:116
[29-Sep-2016 16:28:01 UTC] PHP Fatal error:  Method name must be a string in /home/ubuntu/workspace/08-08-16-Construtores/ExCalculadora.php on line 37
[29-Sep-2016 16:28:01 UTC] PHP Stack trace:
[29-Sep-2016 16:28:01 UTC] PHP   1. {main}() /home/ubuntu/workspace/08-08-16-Construtores/ExCalculadora.php:0
